<?xml version="1.0" encoding="UTF-8"?>
<testsuite xmlns:xsi="http://www.w3.org/2001/XMLSchema-instance" xsi:noNamespaceSchemaLocation="https://maven.apache.org/surefire/maven-surefire-plugin/xsd/surefire-test-report-3.0.xsd" version="3.0" name="com.devopssample.service.TestClass" time="0.889" tests="3" errors="0" skipped="0" failures="0">
  <properties>
    <property name="java.specification.version" value="17"/>
    <property name="sun.cpu.isalist" value="amd64"/>
    <property name="sun.jnu.encoding" value="Cp1252"/>
    <property name="java.class.path" value="D:\coding\projects\hello_world\NagpHelloWorld\target\test-classes;D:\coding\projects\hello_world\NagpHelloWorld\target\classes;C:\Users\Zura Games\.m2\repository\junit\junit\4.12\junit-4.12.jar;C:\Users\Zura Games\.m2\repository\org\hamcrest\hamcrest-library\1.3\hamcrest-library-1.3.jar;C:\Users\Zura Games\.m2\repository\org\hamcrest\hamcrest-core\1.3\hamcrest-core-1.3.jar;C:\Users\Zura Games\.m2\repository\org\springframework\spring-test\4.3.0.RELEASE\spring-test-4.3.0.RELEASE.jar;C:\Users\Zura Games\.m2\repository\org\springframework\spring-core\4.3.0.RELEASE\spring-core-4.3.0.RELEASE.jar;C:\Users\Zura Games\.m2\repository\commons-logging\commons-logging\1.2\commons-logging-1.2.jar;C:\Users\Zura Games\.m2\repository\org\springframework\spring-context\4.1.6.RELEASE\spring-context-4.1.6.RELEASE.jar;C:\Users\Zura Games\.m2\repository\org\springframework\spring-beans\4.1.6.RELEASE\spring-beans-4.1.6.RELEASE.jar;C:\Users\Zura Games\.m2\repository\org\springframework\spring-expression\4.1.6.RELEASE\spring-expression-4.1.6.RELEASE.jar;C:\Users\Zura Games\.m2\repository\org\springframework\spring-aop\4.1.6.RELEASE\spring-aop-4.1.6.RELEASE.jar;C:\Users\Zura Games\.m2\repository\aopalliance\aopalliance\1.0\aopalliance-1.0.jar;C:\Users\Zura Games\.m2\repository\org\springframework\spring-webmvc\4.1.6.RELEASE\spring-webmvc-4.1.6.RELEASE.jar;C:\Users\Zura Games\.m2\repository\org\springframework\spring-web\4.1.6.RELEASE\spring-web-4.1.6.RELEASE.jar;C:\Users\Zura Games\.m2\repository\javax\servlet\jsp\javax.servlet.jsp-api\2.3.0\javax.servlet.jsp-api-2.3.0.jar;C:\Users\Zura Games\.m2\repository\com\sun\jersey\jersey-client\1.18.1\jersey-client-1.18.1.jar;C:\Users\Zura Games\.m2\repository\com\sun\jersey\jersey-core\1.18.1\jersey-core-1.18.1.jar;C:\Users\Zura Games\.m2\repository\com\sun\jersey\jersey-server\1.18.1\jersey-server-1.18.1.jar;C:\Users\Zura Games\.m2\repository\com\sun\jersey\jersey-json\1.18.1\jersey-json-1.18.1.jar;C:\Users\Zura Games\.m2\repository\org\codehaus\jettison\jettison\1.1\jettison-1.1.jar;C:\Users\Zura Games\.m2\repository\com\sun\xml\bind\jaxb-impl\2.2.3-1\jaxb-impl-2.2.3-1.jar;C:\Users\Zura Games\.m2\repository\javax\xml\bind\jaxb-api\2.2.2\jaxb-api-2.2.2.jar;C:\Users\Zura Games\.m2\repository\javax\xml\stream\stax-api\1.0-2\stax-api-1.0-2.jar;C:\Users\Zura Games\.m2\repository\org\codehaus\jackson\jackson-core-asl\1.9.2\jackson-core-asl-1.9.2.jar;C:\Users\Zura Games\.m2\repository\org\codehaus\jackson\jackson-jaxrs\1.9.2\jackson-jaxrs-1.9.2.jar;C:\Users\Zura Games\.m2\repository\org\codehaus\jackson\jackson-xc\1.9.2\jackson-xc-1.9.2.jar;C:\Users\Zura Games\.m2\repository\javax\servlet\servlet-api\2.5\servlet-api-2.5.jar;C:\Users\Zura Games\.m2\repository\javax\servlet\jstl\1.2\jstl-1.2.jar;C:\Users\Zura Games\.m2\repository\org\springframework\spring-jdbc\4.0.3.RELEASE\spring-jdbc-4.0.3.RELEASE.jar;C:\Users\Zura Games\.m2\repository\org\springframework\spring-tx\4.0.3.RELEASE\spring-tx-4.0.3.RELEASE.jar;C:\Users\Zura Games\.m2\repository\org\springframework\security\spring-security-web\3.2.3.RELEASE\spring-security-web-3.2.3.RELEASE.jar;C:\Users\Zura Games\.m2\repository\org\springframework\security\spring-security-core\3.2.3.RELEASE\spring-security-core-3.2.3.RELEASE.jar;C:\Users\Zura Games\.m2\repository\org\springframework\security\spring-security-config\3.2.3.RELEASE\spring-security-config-3.2.3.RELEASE.jar;C:\Users\Zura Games\.m2\repository\mysql\mysql-connector-java\5.1.30\mysql-connector-java-5.1.30.jar;C:\Users\Zura Games\.m2\repository\commons-io\commons-io\1.3.2\commons-io-1.3.2.jar;C:\Users\Zura Games\.m2\repository\org\apache\tomcat\tomcat-catalina\7.0.27\tomcat-catalina-7.0.27.jar;C:\Users\Zura Games\.m2\repository\org\apache\tomcat\tomcat-servlet-api\7.0.27\tomcat-servlet-api-7.0.27.jar;C:\Users\Zura Games\.m2\repository\org\apache\tomcat\tomcat-juli\7.0.27\tomcat-juli-7.0.27.jar;C:\Users\Zura Games\.m2\repository\org\apache\tomcat\tomcat-annotations-api\7.0.27\tomcat-annotations-api-7.0.27.jar;C:\Users\Zura Games\.m2\repository\org\apache\tomcat\tomcat-api\7.0.27\tomcat-api-7.0.27.jar;C:\Users\Zura Games\.m2\repository\org\apache\tomcat\tomcat-util\7.0.27\tomcat-util-7.0.27.jar;C:\Users\Zura Games\.m2\repository\org\json\json\20090211\json-20090211.jar;C:\Users\Zura Games\.m2\repository\com\fasterxml\jackson\core\jackson-databind\2.5.3\jackson-databind-2.5.3.jar;C:\Users\Zura Games\.m2\repository\com\fasterxml\jackson\core\jackson-annotations\2.5.0\jackson-annotations-2.5.0.jar;C:\Users\Zura Games\.m2\repository\com\fasterxml\jackson\core\jackson-core\2.5.3\jackson-core-2.5.3.jar;C:\Users\Zura Games\.m2\repository\org\codehaus\jackson\jackson-mapper-asl\1.9.13\jackson-mapper-asl-1.9.13.jar;C:\Users\Zura Games\.m2\repository\org\apache\poi\poi\3.12\poi-3.12.jar;C:\Users\Zura Games\.m2\repository\commons-codec\commons-codec\1.9\commons-codec-1.9.jar;C:\Users\Zura Games\.m2\repository\org\apache\poi\poi-ooxml\3.12\poi-ooxml-3.12.jar;C:\Users\Zura Games\.m2\repository\org\apache\poi\poi-ooxml-schemas\3.12\poi-ooxml-schemas-3.12.jar;C:\Users\Zura Games\.m2\repository\org\apache\xmlbeans\xmlbeans\2.6.0\xmlbeans-2.6.0.jar;C:\Users\Zura Games\.m2\repository\stax\stax-api\1.0.1\stax-api-1.0.1.jar;C:\Users\Zura Games\.m2\repository\com\google\code\gson\gson\2.3.1\gson-2.3.1.jar;C:\Users\Zura Games\.m2\repository\commons-fileupload\commons-fileupload\1.2.2\commons-fileupload-1.2.2.jar;C:\Users\Zura Games\.m2\repository\org\apache\commons\commons-compress\1.0\commons-compress-1.0.jar;C:\Users\Zura Games\.m2\repository\com\jcraft\jsch\0.1.54\jsch-0.1.54.jar;C:\Users\Zura Games\.m2\repository\javax\mail\mail\1.4\mail-1.4.jar;C:\Users\Zura Games\.m2\repository\com\sun\mail\smtp\1.4.4\smtp-1.4.4.jar;C:\Users\Zura Games\.m2\repository\javax\activation\activation\1.1\activation-1.1.jar;"/>
    <property name="java.vm.vendor" value="Oracle Corporation"/>
    <property name="sun.arch.data.model" value="64"/>
    <property name="user.variant" value=""/>
    <property name="java.vendor.url" value="https://java.oracle.com/"/>
    <property name="user.timezone" value="Asia/Calcutta"/>
    <property name="os.name" value="Windows 10"/>
    <property name="java.vm.specification.version" value="17"/>
    <property name="sun.java.launcher" value="SUN_STANDARD"/>
    <property name="user.country" value="IN"/>
    <property name="sun.boot.library.path" value="C:\Program Files\Java\jdk-17\bin"/>
    <property name="sun.java.command" value="C:\Users\Zura Games\AppData\Local\Temp\surefire143364880119104656\surefirebooter-20241013183224966_3.jar C:\Users\Zura Games\AppData\Local\Temp\surefire143364880119104656 2024-10-13T18-32-24_819-jvmRun1 surefire-20241013183224966_1tmp surefire_0-20241013183224966_2tmp"/>
    <property name="jdk.debug" value="release"/>
    <property name="surefire.test.class.path" value="D:\coding\projects\hello_world\NagpHelloWorld\target\test-classes;D:\coding\projects\hello_world\NagpHelloWorld\target\classes;C:\Users\Zura Games\.m2\repository\junit\junit\4.12\junit-4.12.jar;C:\Users\Zura Games\.m2\repository\org\hamcrest\hamcrest-library\1.3\hamcrest-library-1.3.jar;C:\Users\Zura Games\.m2\repository\org\hamcrest\hamcrest-core\1.3\hamcrest-core-1.3.jar;C:\Users\Zura Games\.m2\repository\org\springframework\spring-test\4.3.0.RELEASE\spring-test-4.3.0.RELEASE.jar;C:\Users\Zura Games\.m2\repository\org\springframework\spring-core\4.3.0.RELEASE\spring-core-4.3.0.RELEASE.jar;C:\Users\Zura Games\.m2\repository\commons-logging\commons-logging\1.2\commons-logging-1.2.jar;C:\Users\Zura Games\.m2\repository\org\springframework\spring-context\4.1.6.RELEASE\spring-context-4.1.6.RELEASE.jar;C:\Users\Zura Games\.m2\repository\org\springframework\spring-beans\4.1.6.RELEASE\spring-beans-4.1.6.RELEASE.jar;C:\Users\Zura Games\.m2\repository\org\springframework\spring-expression\4.1.6.RELEASE\spring-expression-4.1.6.RELEASE.jar;C:\Users\Zura Games\.m2\repository\org\springframework\spring-aop\4.1.6.RELEASE\spring-aop-4.1.6.RELEASE.jar;C:\Users\Zura Games\.m2\repository\aopalliance\aopalliance\1.0\aopalliance-1.0.jar;C:\Users\Zura Games\.m2\repository\org\springframework\spring-webmvc\4.1.6.RELEASE\spring-webmvc-4.1.6.RELEASE.jar;C:\Users\Zura Games\.m2\repository\org\springframework\spring-web\4.1.6.RELEASE\spring-web-4.1.6.RELEASE.jar;C:\Users\Zura Games\.m2\repository\javax\servlet\jsp\javax.servlet.jsp-api\2.3.0\javax.servlet.jsp-api-2.3.0.jar;C:\Users\Zura Games\.m2\repository\com\sun\jersey\jersey-client\1.18.1\jersey-client-1.18.1.jar;C:\Users\Zura Games\.m2\repository\com\sun\jersey\jersey-core\1.18.1\jersey-core-1.18.1.jar;C:\Users\Zura Games\.m2\repository\com\sun\jersey\jersey-server\1.18.1\jersey-server-1.18.1.jar;C:\Users\Zura Games\.m2\repository\com\sun\jersey\jersey-json\1.18.1\jersey-json-1.18.1.jar;C:\Users\Zura Games\.m2\repository\org\codehaus\jettison\jettison\1.1\jettison-1.1.jar;C:\Users\Zura Games\.m2\repository\com\sun\xml\bind\jaxb-impl\2.2.3-1\jaxb-impl-2.2.3-1.jar;C:\Users\Zura Games\.m2\repository\javax\xml\bind\jaxb-api\2.2.2\jaxb-api-2.2.2.jar;C:\Users\Zura Games\.m2\repository\javax\xml\stream\stax-api\1.0-2\stax-api-1.0-2.jar;C:\Users\Zura Games\.m2\repository\org\codehaus\jackson\jackson-core-asl\1.9.2\jackson-core-asl-1.9.2.jar;C:\Users\Zura Games\.m2\repository\org\codehaus\jackson\jackson-jaxrs\1.9.2\jackson-jaxrs-1.9.2.jar;C:\Users\Zura Games\.m2\repository\org\codehaus\jackson\jackson-xc\1.9.2\jackson-xc-1.9.2.jar;C:\Users\Zura Games\.m2\repository\javax\servlet\servlet-api\2.5\servlet-api-2.5.jar;C:\Users\Zura Games\.m2\repository\javax\servlet\jstl\1.2\jstl-1.2.jar;C:\Users\Zura Games\.m2\repository\org\springframework\spring-jdbc\4.0.3.RELEASE\spring-jdbc-4.0.3.RELEASE.jar;C:\Users\Zura Games\.m2\repository\org\springframework\spring-tx\4.0.3.RELEASE\spring-tx-4.0.3.RELEASE.jar;C:\Users\Zura Games\.m2\repository\org\springframework\security\spring-security-web\3.2.3.RELEASE\spring-security-web-3.2.3.RELEASE.jar;C:\Users\Zura Games\.m2\repository\org\springframework\security\spring-security-core\3.2.3.RELEASE\spring-security-core-3.2.3.RELEASE.jar;C:\Users\Zura Games\.m2\repository\org\springframework\security\spring-security-config\3.2.3.RELEASE\spring-security-config-3.2.3.RELEASE.jar;C:\Users\Zura Games\.m2\repository\mysql\mysql-connector-java\5.1.30\mysql-connector-java-5.1.30.jar;C:\Users\Zura Games\.m2\repository\commons-io\commons-io\1.3.2\commons-io-1.3.2.jar;C:\Users\Zura Games\.m2\repository\org\apache\tomcat\tomcat-catalina\7.0.27\tomcat-catalina-7.0.27.jar;C:\Users\Zura Games\.m2\repository\org\apache\tomcat\tomcat-servlet-api\7.0.27\tomcat-servlet-api-7.0.27.jar;C:\Users\Zura Games\.m2\repository\org\apache\tomcat\tomcat-juli\7.0.27\tomcat-juli-7.0.27.jar;C:\Users\Zura Games\.m2\repository\org\apache\tomcat\tomcat-annotations-api\7.0.27\tomcat-annotations-api-7.0.27.jar;C:\Users\Zura Games\.m2\repository\org\apache\tomcat\tomcat-api\7.0.27\tomcat-api-7.0.27.jar;C:\Users\Zura Games\.m2\repository\org\apache\tomcat\tomcat-util\7.0.27\tomcat-util-7.0.27.jar;C:\Users\Zura Games\.m2\repository\org\json\json\20090211\json-20090211.jar;C:\Users\Zura Games\.m2\repository\com\fasterxml\jackson\core\jackson-databind\2.5.3\jackson-databind-2.5.3.jar;C:\Users\Zura Games\.m2\repository\com\fasterxml\jackson\core\jackson-annotations\2.5.0\jackson-annotations-2.5.0.jar;C:\Users\Zura Games\.m2\repository\com\fasterxml\jackson\core\jackson-core\2.5.3\jackson-core-2.5.3.jar;C:\Users\Zura Games\.m2\repository\org\codehaus\jackson\jackson-mapper-asl\1.9.13\jackson-mapper-asl-1.9.13.jar;C:\Users\Zura Games\.m2\repository\org\apache\poi\poi\3.12\poi-3.12.jar;C:\Users\Zura Games\.m2\repository\commons-codec\commons-codec\1.9\commons-codec-1.9.jar;C:\Users\Zura Games\.m2\repository\org\apache\poi\poi-ooxml\3.12\poi-ooxml-3.12.jar;C:\Users\Zura Games\.m2\repository\org\apache\poi\poi-ooxml-schemas\3.12\poi-ooxml-schemas-3.12.jar;C:\Users\Zura Games\.m2\repository\org\apache\xmlbeans\xmlbeans\2.6.0\xmlbeans-2.6.0.jar;C:\Users\Zura Games\.m2\repository\stax\stax-api\1.0.1\stax-api-1.0.1.jar;C:\Users\Zura Games\.m2\repository\com\google\code\gson\gson\2.3.1\gson-2.3.1.jar;C:\Users\Zura Games\.m2\repository\commons-fileupload\commons-fileupload\1.2.2\commons-fileupload-1.2.2.jar;C:\Users\Zura Games\.m2\repository\org\apache\commons\commons-compress\1.0\commons-compress-1.0.jar;C:\Users\Zura Games\.m2\repository\com\jcraft\jsch\0.1.54\jsch-0.1.54.jar;C:\Users\Zura Games\.m2\repository\javax\mail\mail\1.4\mail-1.4.jar;C:\Users\Zura Games\.m2\repository\com\sun\mail\smtp\1.4.4\smtp-1.4.4.jar;C:\Users\Zura Games\.m2\repository\javax\activation\activation\1.1\activation-1.1.jar;"/>
    <property name="sun.cpu.endian" value="little"/>
    <property name="user.home" value="C:\Users\Zura Games"/>
    <property name="user.language" value="en"/>
    <property name="java.specification.vendor" value="Oracle Corporation"/>
    <property name="java.version.date" value="2021-09-14"/>
    <property name="java.home" value="C:\Program Files\Java\jdk-17"/>
    <property name="file.separator" value="\"/>
    <property name="basedir" value="D:\coding\projects\hello_world\NagpHelloWorld"/>
    <property name="java.vm.compressedOopsMode" value="32-bit"/>
    <property name="line.separator" value="&#10;"/>
    <property name="java.vm.specification.vendor" value="Oracle Corporation"/>
    <property name="java.specification.name" value="Java Platform API Specification"/>
    <property name="surefire.real.class.path" value="C:\Users\Zura Games\AppData\Local\Temp\surefire143364880119104656\surefirebooter-20241013183224966_3.jar"/>
    <property name="user.script" value=""/>
    <property name="sun.management.compiler" value="HotSpot 64-Bit Tiered Compilers"/>
    <property name="java.runtime.version" value="17+35-LTS-2724"/>
    <property name="user.name" value="Zura Games"/>
    <property name="path.separator" value=";"/>
    <property name="os.version" value="10.0"/>
    <property name="java.runtime.name" value="Java(TM) SE Runtime Environment"/>
    <property name="file.encoding" value="Cp1252"/>
    <property name="java.vm.name" value="Java HotSpot(TM) 64-Bit Server VM"/>
    <property name="localRepository" value="C:\Users\Zura Games\.m2\repository"/>
    <property name="java.vendor.url.bug" value="https://bugreport.java.com/bugreport/"/>
    <property name="java.io.tmpdir" value="C:\Users\ZURAGA~1\AppData\Local\Temp\"/>
    <property name="java.version" value="17"/>
    <property name="user.dir" value="D:\coding\projects\hello_world\NagpHelloWorld"/>
    <property name="os.arch" value="amd64"/>
    <property name="java.vm.specification.name" value="Java Virtual Machine Specification"/>
    <property name="sun.os.patch.level" value=""/>
    <property name="native.encoding" value="Cp1252"/>
    <property name="java.library.path" value="C:\Program Files\Java\jdk-17\bin;C:\WINDOWS\Sun\Java\bin;C:\WINDOWS\system32;C:\WINDOWS;C:\Program Files\Common Files\Oracle\Java\javapath;C:\Windows\system32;C:\Windows;C:\Windows\System32\Wbem;C:\Windows\System32\WindowsPowerShell\v1.0\;C:\Windows\System32\OpenSSH\;C:\Program Files (x86)\NVIDIA Corporation\PhysX\Common;C:\Program Files\NVIDIA Corporation\NVIDIA NvDLISR;C:\Program Files\dotnet\;C:\WINDOWS\system32;C:\WINDOWS;C:\WINDOWS\System32\Wbem;C:\WINDOWS\System32\WindowsPowerShell\v1.0\;C:\WINDOWS\System32\OpenSSH\;C:\Program Files\Git\cmd;C:\Program Files\Java\jdk-17\bin;C:\apache-maven-3.9.9\bin;C:\Users\Zura Games\AppData\Local\Microsoft\WindowsApps;C:\Users\Zura Games\.dotnet\tools;D:\coding\VS\Microsoft VS Code\bin;C:\Users\Zura Games\AppData\Local\Muse Hub\lib;."/>
    <property name="java.vm.info" value="mixed mode, sharing"/>
    <property name="java.vendor" value="Oracle Corporation"/>
    <property name="java.vm.version" value="17+35-LTS-2724"/>
    <property name="sun.io.unicode.encoding" value="UnicodeLittle"/>
    <property name="java.class.version" value="61.0"/>
  </properties>
  <testcase name="testAdd" classname="com.devopssample.service.TestClass" time="0.003">
    <system-err><![CDATA[Oct 13, 2024 6:32:25 PM org.springframework.test.context.support.DefaultTestContextBootstrapper getDefaultTestExecutionListenerClassNames
INFO: Loaded default TestExecutionListener class names from location [META-INF/spring.factories]: [org.springframework.test.context.web.ServletTestExecutionListener, org.springframework.test.context.support.DirtiesContextBeforeModesTestExecutionListener, org.springframework.test.context.support.DependencyInjectionTestExecutionListener, org.springframework.test.context.support.DirtiesContextTestExecutionListener, org.springframework.test.context.transaction.TransactionalTestExecutionListener, org.springframework.test.context.jdbc.SqlScriptsTestExecutionListener]
Oct 13, 2024 6:32:25 PM org.springframework.test.context.support.DefaultTestContextBootstrapper getTestExecutionListeners
INFO: Using TestExecutionListeners: [org.springframework.test.context.web.ServletTestExecutionListener@7a52f2a2, org.springframework.test.context.support.DirtiesContextBeforeModesTestExecutionListener@78047b92, org.springframework.test.context.support.DependencyInjectionTestExecutionListener@8909f18, org.springframework.test.context.support.DirtiesContextTestExecutionListener@79ca92b9, org.springframework.test.context.transaction.TransactionalTestExecutionListener@1460a8c0, org.springframework.test.context.jdbc.SqlScriptsTestExecutionListener@4f638935]
Oct 13, 2024 6:32:25 PM org.springframework.beans.factory.xml.XmlBeanDefinitionReader loadBeanDefinitions
INFO: Loading XML bean definitions from URL [file:src/main/webapp/WEB-INF/dispatcher-servlet.xml]
Oct 13, 2024 6:32:25 PM org.springframework.context.support.GenericApplicationContext prepareRefresh
INFO: Refreshing org.springframework.context.support.GenericApplicationContext@647fd8ce: startup date [Sun Oct 13 18:32:25 IST 2024]; root of context hierarchy
Oct 13, 2024 6:32:25 PM org.springframework.web.servlet.mvc.support.ControllerClassNameHandlerMapping registerHandler
INFO: Mapped URL path [/front] onto handler 'frontController'
Oct 13, 2024 6:32:25 PM org.springframework.web.servlet.mvc.support.ControllerClassNameHandlerMapping registerHandler
INFO: Mapped URL path [/front/*] onto handler 'frontController'
Oct 13, 2024 6:32:25 PM org.springframework.web.servlet.handler.SimpleUrlHandlerMapping registerHandler
INFO: Mapped URL path [/resources/**] onto handler 'org.springframework.web.servlet.resource.ResourceHttpRequestHandler#0'
Oct 13, 2024 6:32:26 PM org.springframework.web.servlet.mvc.method.annotation.RequestMappingHandlerAdapter initControllerAdviceCache
INFO: Looking for @ControllerAdvice: org.springframework.context.support.GenericApplicationContext@647fd8ce: startup date [Sun Oct 13 18:32:25 IST 2024]; root of context hierarchy
Oct 13, 2024 6:32:26 PM org.springframework.web.servlet.mvc.method.annotation.RequestMappingHandlerAdapter initControllerAdviceCache
INFO: Looking for @ControllerAdvice: org.springframework.context.support.GenericApplicationContext@647fd8ce: startup date [Sun Oct 13 18:32:25 IST 2024]; root of context hierarchy
]]></system-err>
  </testcase>
  <testcase name="testSub" classname="com.devopssample.service.TestClass" time="0.0"/>
  <testcase name="testFailedAdd" classname="com.devopssample.service.TestClass" time="0.0"/>
</testsuite>